<?xml version="1.0" encoding="UTF-8"?>
<!-- Generated by org.testng.reporters.JUnitReportReporter -->
<testsuite hostname="DESKTOP-D912IVQ" failures="0" tests="1" name="com.training.sanity.tests.AddAssessmentsTests" time="38.108" errors="0" timestamp="2020-07-05T16:56:54 IST" skipped="0">
  <testcase classname="com.training.sanity.tests.AddAssessmentsTests" name="validAddAssessementTest" time="38.108"/>
  <system-out/>
</testsuite> <!-- com.training.sanity.tests.AddAssessmentsTests -->
