<?xml version="1.0" encoding="UTF-8"?>
<!-- Generated by org.testng.reporters.JUnitReportReporter -->
<testsuite hostname="DESKTOP-D912IVQ" failures="0" tests="1" name="com.training.sanity.tests.CreateTestTests" time="55.300" errors="0" timestamp="2020-07-05T15:53:01 IST" skipped="0">
  <testcase classname="com.training.sanity.tests.CreateTestTests" name="validCreateCourseTest" time="55.300"/>
  <system-out/>
</testsuite> <!-- com.training.sanity.tests.CreateTestTests -->
