<?xml version="1.0" encoding="UTF-8"?>
<!-- Generated by org.testng.reporters.JUnitReportReporter -->
<testsuite hostname="DESKTOP-D912IVQ" failures="0" tests="2" name="com.training.regression.tests.LoginDBTest" time="40.275" errors="0" timestamp="2020-07-11T20:20:54 IST" skipped="0">
  <testcase classname="com.training.regression.tests.LoginDBTest" name="loginDBTest" time="24.353"/>
  <system-out/>
  <testcase classname="com.training.regression.tests.LoginDBTest" name="loginDBTest" time="15.922"/>
  <system-out/>
</testsuite> <!-- com.training.regression.tests.LoginDBTest -->
