<?xml version="1.0" encoding="UTF-8"?>
<!-- Generated by org.testng.reporters.JUnitReportReporter -->
<testsuite hostname="DESKTOP-D912IVQ" failures="0" tests="2" name="com.training.sanity.tests.RegisterTests" time="40.015" errors="0" timestamp="2020-06-29T10:26:00 IST" skipped="0">
  <testcase classname="com.training.sanity.tests.RegisterTests" name="invalidRegisterTest" time="17.795"/>
  <system-out/>
  <testcase classname="com.training.sanity.tests.RegisterTests" name="validRegisterTest" time="22.220"/>
  <system-out/>
</testsuite> <!-- com.training.sanity.tests.RegisterTests -->
