<?xml version="1.0" encoding="UTF-8"?>
<!-- Generated by org.testng.reporters.JUnitReportReporter -->
<testsuite hostname="DESKTOP-D912IVQ" failures="0" tests="1" name="com.training.sanity.tests.RegisterCourseTests" time="69.063" errors="0" timestamp="2020-07-11T23:14:02 IST" skipped="0">
  <testcase classname="com.training.sanity.tests.RegisterCourseTests" name="validCreateCourseTest" time="69.063"/>
  <system-out/>
</testsuite> <!-- com.training.sanity.tests.RegisterCourseTests -->
