<?xml version="1.0" encoding="UTF-8"?>
<!-- Generated by org.testng.reporters.JUnitReportReporter -->
<testsuite hostname="DESKTOP-D912IVQ" failures="0" tests="2" name="com.training.sanity.tests.LoginTests" time="35.341" errors="0" timestamp="2020-06-29T10:30:22 IST" skipped="0">
  <testcase classname="com.training.sanity.tests.LoginTests" name="invalidLoginTest" time="16.090"/>
  <system-out/>
  <testcase classname="com.training.sanity.tests.LoginTests" name="validLoginTest" time="19.251"/>
  <system-out/>
</testsuite> <!-- com.training.sanity.tests.LoginTests -->
