<?xml version="1.0" encoding="UTF-8"?>
<!-- Generated by org.testng.reporters.JUnitReportReporter -->
<testsuite hostname="DESKTOP-D912IVQ" failures="0" tests="1" name="com.training.sanity.tests.CreateCourseTests" time="60.127" errors="0" timestamp="2020-07-03T17:57:46 IST" skipped="0">
  <testcase classname="com.training.sanity.tests.CreateCourseTests" name="validCreateCourseTest" time="60.127"/>
  <system-out/>
</testsuite> <!-- com.training.sanity.tests.CreateCourseTests -->
