<?xml version="1.0" encoding="UTF-8"?>
<!-- Generated by org.testng.reporters.JUnitReportReporter -->
<testsuite hostname="DESKTOP-D912IVQ" failures="0" tests="2" name="com.training.sanity.tests.LoginTests" time="30.256" errors="0" timestamp="2020-07-01T21:33:28 IST" skipped="0">
  <testcase classname="com.training.sanity.tests.LoginTests" name="invalidLoginTest" time="14.043"/>
  <system-out/>
  <testcase classname="com.training.sanity.tests.LoginTests" name="validLoginTest" time="16.213"/>
  <system-out/>
</testsuite> <!-- com.training.sanity.tests.LoginTests -->
