<?xml version="1.0" encoding="UTF-8"?>
<!-- Generated by org.testng.reporters.JUnitReportReporter -->
<testsuite hostname="DESKTOP-D912IVQ" failures="0" tests="3" name="com.training.sanity.tests.RegisterTests" time="19.111" errors="0" timestamp="2020-07-01T22:09:40 IST" skipped="2">
  <testcase classname="com.training.sanity.tests.RegisterTests" name="validRegisterTestTeacher" time="19.111"/>
  <system-out/>
  <testcase classname="com.training.sanity.tests.RegisterTests" name="validRegisterTest">
    <skipped/>
  </testcase> <!-- validRegisterTest -->
  <system-out/>
  <testcase classname="com.training.sanity.tests.RegisterTests" name="invalidRegisterTest">
    <skipped/>
  </testcase> <!-- invalidRegisterTest -->
  <system-out/>
</testsuite> <!-- com.training.sanity.tests.RegisterTests -->
