<?xml version="1.0" encoding="UTF-8"?>
<!-- Generated by org.testng.reporters.JUnitReportReporter -->
<testsuite hostname="DESKTOP-D912IVQ" failures="0" tests="6" name="com.training.sanity.tests.RegisterTests_ExcelTest" time="80.246" errors="0" timestamp="2020-07-09T22:57:53 IST" skipped="2">
  <testcase classname="com.training.sanity.tests.RegisterTests_ExcelTest" name="validRegisterTest" time="19.625"/>
  <system-out/>
  <testcase classname="com.training.sanity.tests.RegisterTests_ExcelTest" name="validRegisterTest" time="19.198"/>
  <system-out/>
  <testcase classname="com.training.sanity.tests.RegisterTests_ExcelTest" name="validRegisterTest" time="19.842"/>
  <system-out/>
  <testcase classname="com.training.sanity.tests.RegisterTests_ExcelTest" name="validRegisterTest" time="21.581"/>
  <system-out/>
  <testcase classname="com.training.sanity.tests.RegisterTests_ExcelTest" name="validRegisterTestTeacher">
    <skipped/>
  </testcase> <!-- validRegisterTestTeacher -->
  <system-out/>
  <testcase classname="com.training.sanity.tests.RegisterTests_ExcelTest" name="invalidRegisterTest">
    <skipped/>
  </testcase> <!-- invalidRegisterTest -->
  <system-out/>
</testsuite> <!-- com.training.sanity.tests.RegisterTests_ExcelTest -->
