<?xml version="1.0" encoding="UTF-8"?>
<!-- Generated by org.testng.reporters.JUnitReportReporter -->
<testsuite hostname="DESKTOP-D912IVQ" failures="0" tests="2" name="com.training.sanity.tests.EditProfileTests" time="38.440" errors="0" timestamp="2020-07-01T21:40:49 IST" skipped="0">
  <testcase classname="com.training.sanity.tests.EditProfileTests" name="invalidEditProfileTest" time="19.632"/>
  <system-out/>
  <testcase classname="com.training.sanity.tests.EditProfileTests" name="validEditProfileTest" time="18.808"/>
  <system-out/>
</testsuite> <!-- com.training.sanity.tests.EditProfileTests -->
